{"/Users/moorthi_k/Workspace/product/node-typescript/src/app.ts": {"path":"/Users/moorthi_k/Workspace/product/node-typescript/src/app.ts","statementMap":{"0":{"start":{"line":1,"column":0},"end":{"line":1,"column":30}},"1":{"start":{"line":2,"column":0},"end":{"line":2,"column":42}},"2":{"start":{"line":3,"column":0},"end":{"line":3,"column":45}},"3":{"start":{"line":4,"column":0},"end":{"line":4,"column":41}},"4":{"start":{"line":5,"column":0},"end":{"line":5,"column":59}},"5":{"start":{"line":6,"column":17},"end":{"line":6,"column":26}},"6":{"start":{"line":8,"column":0},"end":{"line":8,"column":21}},"7":{"start":{"line":9,"column":0},"end":{"line":9,"column":23}},"8":{"start":{"line":10,"column":0},"end":{"line":10,"column":31}},"9":{"start":{"line":12,"column":0},"end":{"line":12,"column":102}},"10":{"start":{"line":12,"column":40},"end":{"line":12,"column":100}},"11":{"start":{"line":14,"column":0},"end":{"line":14,"column":19}}},"fnMap":{"0":{"name":"(anonymous_1)","decl":{"start":{"line":12,"column":34},"end":{"line":12,"column":37}},"loc":{"start":{"line":12,"column":40},"end":{"line":12,"column":100}}}},"branchMap":{},"s":{"0":1,"1":1,"2":1,"3":1,"4":1,"5":1,"6":1,"7":1,"8":1,"9":1,"10":0,"11":1},"f":{"0":0},"b":{}}
,"/Users/moorthi_k/Workspace/product/node-typescript/src/controllers/account.ts": {"path":"/Users/moorthi_k/Workspace/product/node-typescript/src/controllers/account.ts","statementMap":{"0":{"start":{"line":1,"column":0},"end":{"line":1,"column":51}},"1":{"start":{"line":4,"column":3},"end":{"line":7,"column":6}},"2":{"start":{"line":9,"column":18},"end":{"line":9,"column":101}},"3":{"start":{"line":9,"column":40},"end":{"line":9,"column":101}},"4":{"start":{"line":10,"column":13},"end":{"line":16,"column":null}},"5":{"start":{"line":11,"column":3},"end":{"line":15,"column":null}}},"fnMap":{"0":{"name":"getName","decl":{"start":{"line":3,"column":9},"end":{"line":3,"column":16}},"loc":{"start":{"line":3,"column":27},"end":{"line":8,"column":1}}},"1":{"name":"(anonymous_2)","decl":{"start":{"line":9,"column":18},"end":{"line":9,"column":19}},"loc":{"start":{"line":9,"column":40},"end":{"line":9,"column":101}}},"2":{"name":"(anonymous_3)","decl":{"start":{"line":10,"column":29},"end":{"line":10,"column":32}},"loc":{"start":{"line":10,"column":34},"end":{"line":16,"column":1}}}},"branchMap":{},"s":{"0":1,"1":0,"2":1,"3":0,"4":1,"5":0},"f":{"0":0,"1":0,"2":0},"b":{}}
,"/Users/moorthi_k/Workspace/product/node-typescript/src/controllers/onlyforchrome.ts": {"path":"/Users/moorthi_k/Workspace/product/node-typescript/src/controllers/onlyforchrome.ts","statementMap":{"0":{"start":{"line":1,"column":13},"end":{"line":3,"column":null}},"1":{"start":{"line":2,"column":3},"end":{"line":2,"column":null}}},"fnMap":{"0":{"name":"(anonymous_0)","decl":{"start":{"line":1,"column":32},"end":{"line":1,"column":35}},"loc":{"start":{"line":1,"column":37},"end":{"line":3,"column":1}}}},"branchMap":{},"s":{"0":1,"1":0},"f":{"0":0},"b":{}}
,"/Users/moorthi_k/Workspace/product/node-typescript/src/middlewares/checkBrowser.ts": {"path":"/Users/moorthi_k/Workspace/product/node-typescript/src/middlewares/checkBrowser.ts","statementMap":{"0":{"start":{"line":1,"column":0},"end":{"line":1,"column":34}},"1":{"start":{"line":3,"column":13},"end":{"line":5,"column":null}},"2":{"start":{"line":4,"column":3},"end":{"line":4,"column":null}}},"fnMap":{"0":{"name":"(anonymous_1)","decl":{"start":{"line":3,"column":31},"end":{"line":3,"column":32}},"loc":{"start":{"line":3,"column":65},"end":{"line":5,"column":1}}}},"branchMap":{"0":{"loc":{"start":{"line":4,"column":52},"end":{"line":4,"column":58}},"type":"cond-expr","locations":[{"start":{"line":4,"column":52},"end":{"line":4,"column":58}},{"start":{"line":4,"column":61},"end":{"line":4,"column":130}}]}},"s":{"0":1,"1":1,"2":0},"f":{"0":0},"b":{"0":[0,0]}}
,"/Users/moorthi_k/Workspace/product/node-typescript/src/routes/account.ts": {"path":"/Users/moorthi_k/Workspace/product/node-typescript/src/routes/account.ts","statementMap":{"0":{"start":{"line":1,"column":0},"end":{"line":1,"column":29}},"1":{"start":{"line":2,"column":0},"end":{"line":2,"column":54}},"2":{"start":{"line":3,"column":27},"end":{"line":3,"column":43}},"3":{"start":{"line":5,"column":0},"end":{"line":5,"column":null}},"4":{"start":{"line":5,"column":57},"end":{"line":5,"column":82}},"5":{"start":{"line":6,"column":0},"end":{"line":6,"column":null}}},"fnMap":{"0":{"name":"(anonymous_1)","decl":{"start":{"line":5,"column":33},"end":{"line":5,"column":34}},"loc":{"start":{"line":5,"column":57},"end":{"line":5,"column":82}}}},"branchMap":{},"s":{"0":1,"1":1,"2":1,"3":1,"4":0,"5":1},"f":{"0":0},"b":{}}
,"/Users/moorthi_k/Workspace/product/node-typescript/src/routes/browserTarget.ts": {"path":"/Users/moorthi_k/Workspace/product/node-typescript/src/routes/browserTarget.ts","statementMap":{"0":{"start":{"line":1,"column":0},"end":{"line":1,"column":29}},"1":{"start":{"line":2,"column":0},"end":{"line":2,"column":63}},"2":{"start":{"line":3,"column":0},"end":{"line":3,"column":62}},"3":{"start":{"line":4,"column":35},"end":{"line":4,"column":51}},"4":{"start":{"line":6,"column":0},"end":{"line":9,"column":null}},"5":{"start":{"line":7,"column":25},"end":{"line":7,"column":43}},"6":{"start":{"line":8,"column":3},"end":{"line":8,"column":null}},"7":{"start":{"line":10,"column":0},"end":{"line":10,"column":null}}},"fnMap":{"0":{"name":"(anonymous_1)","decl":{"start":{"line":6,"column":60},"end":{"line":6,"column":61}},"loc":{"start":{"line":6,"column":83},"end":{"line":9,"column":1}}}},"branchMap":{},"s":{"0":1,"1":1,"2":1,"3":1,"4":1,"5":0,"6":0,"7":1},"f":{"0":0},"b":{}}
,"/Users/moorthi_k/Workspace/product/node-typescript/src/routes/index.ts": {"path":"/Users/moorthi_k/Workspace/product/node-typescript/src/routes/index.ts","statementMap":{"0":{"start":{"line":1,"column":0},"end":{"line":1,"column":29}},"1":{"start":{"line":2,"column":25},"end":{"line":2,"column":41}},"2":{"start":{"line":3,"column":0},"end":{"line":3,"column":null}},"3":{"start":{"line":3,"column":45},"end":{"line":3,"column":91}},"4":{"start":{"line":4,"column":0},"end":{"line":4,"column":null}}},"fnMap":{"0":{"name":"(anonymous_1)","decl":{"start":{"line":3,"column":21},"end":{"line":3,"column":22}},"loc":{"start":{"line":3,"column":45},"end":{"line":3,"column":91}}}},"branchMap":{},"s":{"0":1,"1":1,"2":1,"3":0,"4":1},"f":{"0":0},"b":{}}
,"/Users/moorthi_k/Workspace/product/node-typescript/src/utils/constants.ts": {"path":"/Users/moorthi_k/Workspace/product/node-typescript/src/utils/constants.ts","statementMap":{"0":{"start":{"line":1,"column":28},"end":{"line":1,"column":54}},"1":{"start":{"line":2,"column":0},"end":{"line":2,"column":null}}},"fnMap":{},"branchMap":{"0":{"loc":{"start":{"line":1,"column":28},"end":{"line":1,"column":44}},"type":"binary-expr","locations":[{"start":{"line":1,"column":28},"end":{"line":1,"column":44}},{"start":{"line":1,"column":48},"end":{"line":1,"column":54}}]}},"s":{"0":1,"1":1},"f":{},"b":{"0":[1,1]}}
}
